app/build/intermediates/manifest_merge_blame_file/debug/manifest-merger-blame-debug-report.txt
1<?xml version="1.0" encoding="utf-8"?>
2<manifest xmlns:android="http://schemas.android.com/apk/res/android"
3    package="fau.amoracen.covid_19update"
4    android:versionCode="1"
5    android:versionName="1.0" >
6
7    <uses-sdk
8        android:minSdkVersion="21"
8-->src\main\AndroidManifest.xml
9        android:targetSdkVersion="29" />
9-->src\main\AndroidManifest.xml
10
11    <uses-permission android:name="android.permission.INTERNET" />
11-->src\main\AndroidManifest.xml:6:5-67
11-->src\main\AndroidManifest.xml:6:22-64
12    <uses-permission android:name="android.permission.ACCESS_NETWORK_STATE" />
12-->[com.google.android.gms:play-services-measurement-api:17.4.0] AndroidManifest.xml:23:5-79
12-->[com.google.android.gms:play-services-measurement-api:17.4.0] AndroidManifest.xml:23:22-76
13    <uses-permission android:name="android.permission.WAKE_LOCK" /> <!-- Required by older versions of Google Play services to create IID tokens -->
13-->[com.google.android.gms:play-services-measurement-api:17.4.0] AndroidManifest.xml:24:5-68
13-->[com.google.android.gms:play-services-measurement-api:17.4.0] AndroidManifest.xml:24:22-65
14    <uses-permission android:name="com.google.android.c2dm.permission.RECEIVE" />
14-->[com.google.firebase:firebase-iid:20.1.5] AndroidManifest.xml:26:5-82
14-->[com.google.firebase:firebase-iid:20.1.5] AndroidManifest.xml:26:22-79
15    <uses-permission android:name="com.google.android.finsky.permission.BIND_GET_INSTALL_REFERRER_SERVICE" />
15-->[com.google.android.gms:play-services-measurement:17.4.0] AndroidManifest.xml:26:5-110
15-->[com.google.android.gms:play-services-measurement:17.4.0] AndroidManifest.xml:26:22-107
16
17    <application
17-->src\main\AndroidManifest.xml:8:5-56:19
18        android:allowBackup="true"
18-->src\main\AndroidManifest.xml:9:9-35
19        android:appComponentFactory="androidx.core.app.CoreComponentFactory"
19-->[androidx.core:core:1.1.0] AndroidManifest.xml:24:18-86
20        android:debuggable="true"
21        android:hardwareAccelerated="true"
21-->src\main\AndroidManifest.xml:10:9-43
22        android:icon="@mipmap/ic_launcher"
22-->src\main\AndroidManifest.xml:11:9-43
23        android:label="@string/app_name"
23-->src\main\AndroidManifest.xml:12:9-41
24        android:roundIcon="@mipmap/ic_launcher_round"
24-->src\main\AndroidManifest.xml:13:9-54
25        android:supportsRtl="true"
25-->src\main\AndroidManifest.xml:14:9-35
26        android:testOnly="true"
27        android:theme="@style/AppTheme" >
27-->src\main\AndroidManifest.xml:15:9-40
28        <activity
28-->src\main\AndroidManifest.xml:17:9-22:56
29            android:name="fau.amoracen.covid_19update.ui.homeActivity.news.NewsActivity"
29-->src\main\AndroidManifest.xml:18:13-62
30            android:configChanges="orientation"
30-->src\main\AndroidManifest.xml:19:13-48
31            android:parentActivityName="fau.amoracen.covid_19update.ui.homeActivity.HomeActivity"
31-->src\main\AndroidManifest.xml:20:13-71
32            android:screenOrientation="portrait"
32-->src\main\AndroidManifest.xml:21:13-49
33            android:theme="@style/AppThemeActionBar" />
33-->src\main\AndroidManifest.xml:22:13-53
34        <activity
34-->src\main\AndroidManifest.xml:23:9-28:56
35            android:name="fau.amoracen.covid_19update.ui.homeActivity.countries.CountryActivity"
35-->src\main\AndroidManifest.xml:24:13-70
36            android:configChanges="orientation"
36-->src\main\AndroidManifest.xml:25:13-48
37            android:parentActivityName="fau.amoracen.covid_19update.ui.homeActivity.HomeActivity"
37-->src\main\AndroidManifest.xml:26:13-71
38            android:screenOrientation="portrait"
38-->src\main\AndroidManifest.xml:27:13-49
39            android:theme="@style/AppThemeActionBar" />
39-->src\main\AndroidManifest.xml:28:13-53
40        <activity
40-->src\main\AndroidManifest.xml:29:9-34:56
41            android:name="fau.amoracen.covid_19update.ui.homeActivity.us_states.USStatesActivity"
41-->src\main\AndroidManifest.xml:30:13-71
42            android:configChanges="orientation"
42-->src\main\AndroidManifest.xml:31:13-48
43            android:parentActivityName="fau.amoracen.covid_19update.ui.homeActivity.HomeActivity"
43-->src\main\AndroidManifest.xml:32:13-71
44            android:screenOrientation="portrait"
44-->src\main\AndroidManifest.xml:33:13-49
45            android:theme="@style/AppThemeActionBar" />
45-->src\main\AndroidManifest.xml:34:13-53
46        <activity
46-->src\main\AndroidManifest.xml:35:9-38:52
47            android:name="fau.amoracen.covid_19update.ui.homeActivity.HomeActivity"
47-->src\main\AndroidManifest.xml:36:13-57
48            android:configChanges="orientation"
48-->src\main\AndroidManifest.xml:37:13-48
49            android:screenOrientation="portrait" />
49-->src\main\AndroidManifest.xml:38:13-49
50        <activity
50-->src\main\AndroidManifest.xml:39:9-48:20
51            android:name="fau.amoracen.covid_19update.ui.mainActivity.MainActivity"
51-->src\main\AndroidManifest.xml:40:13-57
52            android:configChanges="orientation"
52-->src\main\AndroidManifest.xml:41:13-48
53            android:screenOrientation="portrait" >
53-->src\main\AndroidManifest.xml:42:13-49
54            <intent-filter>
54-->src\main\AndroidManifest.xml:43:13-47:29
55                <action android:name="android.intent.action.MAIN" />
55-->src\main\AndroidManifest.xml:44:17-69
55-->src\main\AndroidManifest.xml:44:25-66
56
57                <category android:name="android.intent.category.LAUNCHER" />
57-->src\main\AndroidManifest.xml:46:17-77
57-->src\main\AndroidManifest.xml:46:27-74
58            </intent-filter>
59        </activity>
60
61        <meta-data
61-->src\main\AndroidManifest.xml:50:9-52:36
62            android:name="android.webkit.WebView.EnableSafeBrowsing"
62-->src\main\AndroidManifest.xml:51:13-69
63            android:value="true" />
63-->src\main\AndroidManifest.xml:52:13-33
64        <meta-data
64-->src\main\AndroidManifest.xml:53:9-55:57
65            android:name="preloaded_fonts"
65-->src\main\AndroidManifest.xml:54:13-43
66            android:resource="@array/preloaded_fonts" />
66-->src\main\AndroidManifest.xml:55:13-54
67
68        <activity
68-->[com.google.firebase:firebase-auth:19.3.1] AndroidManifest.xml:24:9-31:50
69            android:name="com.google.firebase.auth.internal.FederatedSignInActivity"
69-->[com.google.firebase:firebase-auth:19.3.1] AndroidManifest.xml:25:13-85
70            android:excludeFromRecents="true"
70-->[com.google.firebase:firebase-auth:19.3.1] AndroidManifest.xml:26:13-46
71            android:exported="true"
71-->[com.google.firebase:firebase-auth:19.3.1] AndroidManifest.xml:27:13-36
72            android:launchMode="singleTask"
72-->[com.google.firebase:firebase-auth:19.3.1] AndroidManifest.xml:28:13-44
73            android:permission="com.google.firebase.auth.api.gms.permission.LAUNCH_FEDERATED_SIGN_IN"
73-->[com.google.firebase:firebase-auth:19.3.1] AndroidManifest.xml:29:13-102
74            android:theme="@android:style/Theme.Translucent.NoTitleBar" />
74-->[com.google.firebase:firebase-auth:19.3.1] AndroidManifest.xml:30:13-72
75
76        <service
76-->[com.google.firebase:firebase-auth:19.3.1] AndroidManifest.xml:33:9-39:19
77            android:name="com.google.firebase.components.ComponentDiscoveryService"
77-->[com.google.firebase:firebase-auth:19.3.1] AndroidManifest.xml:34:13-84
78            android:directBootAware="true"
78-->[com.google.firebase:firebase-common:19.3.0] AndroidManifest.xml:34:13-43
79            android:exported="false" >
79-->[com.google.firebase:firebase-auth:19.3.1] AndroidManifest.xml:35:13-37
80            <meta-data
80-->[com.google.firebase:firebase-auth:19.3.1] AndroidManifest.xml:36:13-38:85
81                android:name="com.google.firebase.components:com.google.firebase.auth.FirebaseAuthRegistrar"
81-->[com.google.firebase:firebase-auth:19.3.1] AndroidManifest.xml:37:17-109
82                android:value="com.google.firebase.components.ComponentRegistrar" />
82-->[com.google.firebase:firebase-auth:19.3.1] AndroidManifest.xml:38:17-82
83            <meta-data
83-->[com.google.android.gms:play-services-measurement-api:17.4.0] AndroidManifest.xml:30:13-32:85
84                android:name="com.google.firebase.components:com.google.firebase.analytics.connector.internal.AnalyticsConnectorRegistrar"
84-->[com.google.android.gms:play-services-measurement-api:17.4.0] AndroidManifest.xml:31:17-139
85                android:value="com.google.firebase.components.ComponentRegistrar" />
85-->[com.google.android.gms:play-services-measurement-api:17.4.0] AndroidManifest.xml:32:17-82
86            <meta-data
86-->[com.google.firebase:firebase-iid:20.1.5] AndroidManifest.xml:32:13-34:85
87                android:name="com.google.firebase.components:com.google.firebase.iid.Registrar"
87-->[com.google.firebase:firebase-iid:20.1.5] AndroidManifest.xml:33:17-96
88                android:value="com.google.firebase.components.ComponentRegistrar" />
88-->[com.google.firebase:firebase-iid:20.1.5] AndroidManifest.xml:34:17-82
89            <meta-data
89-->[com.google.firebase:firebase-installations:16.2.1] AndroidManifest.xml:17:13-19:85
90                android:name="com.google.firebase.components:com.google.firebase.installations.FirebaseInstallationsRegistrar"
90-->[com.google.firebase:firebase-installations:16.2.1] AndroidManifest.xml:18:17-127
91                android:value="com.google.firebase.components.ComponentRegistrar" />
91-->[com.google.firebase:firebase-installations:16.2.1] AndroidManifest.xml:19:17-82
92        </service>
93
94        <activity
94-->[com.google.android.gms:play-services-auth:18.0.0] AndroidManifest.xml:23:9-27:75
95            android:name="com.google.android.gms.auth.api.signin.internal.SignInHubActivity"
95-->[com.google.android.gms:play-services-auth:18.0.0] AndroidManifest.xml:24:13-93
96            android:excludeFromRecents="true"
96-->[com.google.android.gms:play-services-auth:18.0.0] AndroidManifest.xml:25:13-46
97            android:exported="false"
97-->[com.google.android.gms:play-services-auth:18.0.0] AndroidManifest.xml:26:13-37
98            android:theme="@android:style/Theme.Translucent.NoTitleBar" />
98-->[com.google.android.gms:play-services-auth:18.0.0] AndroidManifest.xml:27:13-72
99        <!--
100            Service handling Google Sign-In user revocation. For apps that do not integrate with
101            Google Sign-In, this service will never be started.
102        -->
103        <service
103-->[com.google.android.gms:play-services-auth:18.0.0] AndroidManifest.xml:33:9-36:110
104            android:name="com.google.android.gms.auth.api.signin.RevocationBoundService"
104-->[com.google.android.gms:play-services-auth:18.0.0] AndroidManifest.xml:34:13-89
105            android:exported="true"
105-->[com.google.android.gms:play-services-auth:18.0.0] AndroidManifest.xml:35:13-36
106            android:permission="com.google.android.gms.auth.api.signin.permission.REVOCATION_NOTIFICATION" />
106-->[com.google.android.gms:play-services-auth:18.0.0] AndroidManifest.xml:36:13-107
107
108        <provider
108-->[com.squareup.picasso:picasso:2.71828] AndroidManifest.xml:8:9-11:40
109            android:name="com.squareup.picasso.PicassoProvider"
109-->[com.squareup.picasso:picasso:2.71828] AndroidManifest.xml:9:13-64
110            android:authorities="fau.amoracen.covid_19update.com.squareup.picasso"
110-->[com.squareup.picasso:picasso:2.71828] AndroidManifest.xml:10:13-72
111            android:exported="false" />
111-->[com.squareup.picasso:picasso:2.71828] AndroidManifest.xml:11:13-37
112
113        <receiver
113-->[com.google.firebase:firebase-iid:20.1.5] AndroidManifest.xml:37:9-44:20
114            android:name="com.google.firebase.iid.FirebaseInstanceIdReceiver"
114-->[com.google.firebase:firebase-iid:20.1.5] AndroidManifest.xml:38:13-78
115            android:exported="true"
115-->[com.google.firebase:firebase-iid:20.1.5] AndroidManifest.xml:39:13-36
116            android:permission="com.google.android.c2dm.permission.SEND" >
116-->[com.google.firebase:firebase-iid:20.1.5] AndroidManifest.xml:40:13-73
117            <intent-filter>
117-->[com.google.firebase:firebase-iid:20.1.5] AndroidManifest.xml:41:13-43:29
118                <action android:name="com.google.android.c2dm.intent.RECEIVE" />
118-->[com.google.firebase:firebase-iid:20.1.5] AndroidManifest.xml:42:17-81
118-->[com.google.firebase:firebase-iid:20.1.5] AndroidManifest.xml:42:25-78
119            </intent-filter>
120        </receiver>
121
122        <activity
122-->[com.google.android.gms:play-services-base:17.1.0] AndroidManifest.xml:23:9-26:75
123            android:name="com.google.android.gms.common.api.GoogleApiActivity"
123-->[com.google.android.gms:play-services-base:17.1.0] AndroidManifest.xml:24:13-79
124            android:exported="false"
124-->[com.google.android.gms:play-services-base:17.1.0] AndroidManifest.xml:25:13-37
125            android:theme="@android:style/Theme.Translucent.NoTitleBar" />
125-->[com.google.android.gms:play-services-base:17.1.0] AndroidManifest.xml:26:13-72
126
127        <provider
127-->[com.google.firebase:firebase-common:19.3.0] AndroidManifest.xml:26:9-30:39
128            android:name="com.google.firebase.provider.FirebaseInitProvider"
128-->[com.google.firebase:firebase-common:19.3.0] AndroidManifest.xml:27:13-77
129            android:authorities="fau.amoracen.covid_19update.firebaseinitprovider"
129-->[com.google.firebase:firebase-common:19.3.0] AndroidManifest.xml:28:13-72
130            android:exported="false"
130-->[com.google.firebase:firebase-common:19.3.0] AndroidManifest.xml:29:13-37
131            android:initOrder="100" />
131-->[com.google.firebase:firebase-common:19.3.0] AndroidManifest.xml:30:13-36
132
133        <receiver
133-->[com.google.android.gms:play-services-measurement:17.4.0] AndroidManifest.xml:29:9-33:20
134            android:name="com.google.android.gms.measurement.AppMeasurementReceiver"
134-->[com.google.android.gms:play-services-measurement:17.4.0] AndroidManifest.xml:30:13-85
135            android:enabled="true"
135-->[com.google.android.gms:play-services-measurement:17.4.0] AndroidManifest.xml:31:13-35
136            android:exported="false" >
136-->[com.google.android.gms:play-services-measurement:17.4.0] AndroidManifest.xml:32:13-37
137        </receiver>
138
139        <service
139-->[com.google.android.gms:play-services-measurement:17.4.0] AndroidManifest.xml:35:9-38:40
140            android:name="com.google.android.gms.measurement.AppMeasurementService"
140-->[com.google.android.gms:play-services-measurement:17.4.0] AndroidManifest.xml:36:13-84
141            android:enabled="true"
141-->[com.google.android.gms:play-services-measurement:17.4.0] AndroidManifest.xml:37:13-35
142            android:exported="false" />
142-->[com.google.android.gms:play-services-measurement:17.4.0] AndroidManifest.xml:38:13-37
143        <service
143-->[com.google.android.gms:play-services-measurement:17.4.0] AndroidManifest.xml:39:9-43:72
144            android:name="com.google.android.gms.measurement.AppMeasurementJobService"
144-->[com.google.android.gms:play-services-measurement:17.4.0] AndroidManifest.xml:40:13-87
145            android:enabled="true"
145-->[com.google.android.gms:play-services-measurement:17.4.0] AndroidManifest.xml:41:13-35
146            android:exported="false"
146-->[com.google.android.gms:play-services-measurement:17.4.0] AndroidManifest.xml:42:13-37
147            android:permission="android.permission.BIND_JOB_SERVICE" />
147-->[com.google.android.gms:play-services-measurement:17.4.0] AndroidManifest.xml:43:13-69
148
149        <meta-data
149-->[com.google.android.gms:play-services-basement:17.1.1] AndroidManifest.xml:23:9-25:69
150            android:name="com.google.android.gms.version"
150-->[com.google.android.gms:play-services-basement:17.1.1] AndroidManifest.xml:24:13-58
151            android:value="@integer/google_play_services_version" />
151-->[com.google.android.gms:play-services-basement:17.1.1] AndroidManifest.xml:25:13-66
152    </application>
153
154</manifest>